<?xml version="1.0" encoding="UTF-8"?>
<!-- Generated by org.testng.reporters.JUnitReportReporter -->
<testsuite skipped="0" hostname="DESKTOP-OH56QJU" name="com.OrangeHRM.testcases.HomePageTest" tests="1" failures="0" timestamp="2023-02-17T14:09:21 IST" time="23.882" errors="0">
  <testcase name="adminTabTest" time="23.882" classname="com.OrangeHRM.testcases.HomePageTest"/>
  <system-out/>
</testsuite> <!-- com.OrangeHRM.testcases.HomePageTest -->
