<?xml version="1.0" encoding="UTF-8"?>
<!-- Generated by org.testng.reporters.JUnitReportReporter -->
<testsuite skipped="0" hostname="DESKTOP-OH56QJU" name="com.OrangeHRM.testcases.SystemUserPageTest" tests="1" failures="0" timestamp="2023-02-17T14:09:21 IST" time="23.584" errors="0">
  <testcase name="validatenationalities" time="23.584" classname="com.OrangeHRM.testcases.SystemUserPageTest"/>
  <system-out/>
</testsuite> <!-- com.OrangeHRM.testcases.SystemUserPageTest -->
